#
# A fatal error has been detected by the Java Runtime Environment:
#
#  Internal Error (javaClasses.cpp:126), pid=3288, tid=6028
#  fatal error: Invalid layout of preloaded class
#
# JRE version:  (8.0_25-b18) (build )
# Java VM: Java HotSpot(TM) 64-Bit Server VM (25.25-b02 mixed mode windows-amd64 compressed oops)
# Failed to write core dump. Minidumps are not enabled by default on client versions of Windows
#
# If you would like to submit a bug report, please visit:
#   http://bugreport.sun.com/bugreport/crash.jsp
#

---------------  T H R E A D  ---------------

Current thread (0x000000000056e000):  JavaThread "Unknown thread" [_thread_in_vm, id=6028, stack(0x0000000002520000,0x0000000002620000)]

Stack: [0x0000000002520000,0x0000000002620000]
[error occurred during error reporting (printing stack bounds), id 0xc0000005]

Native frames: (J=compiled Java code, j=interpreted, Vv=VM code, C=native code)
V  [jvm.dll+0x31667a]
V  [jvm.dll+0x267073]
V  [jvm.dll+0x267cb3]
V  [jvm.dll+0x288154]
C  [kernel32.dll+0x9b940]
C  [ntdll.dll+0x93398]
C  [ntdll.dll+0x185c8]
C  [ntdll.dll+0x29d2d]
C  [ntdll.dll+0x191cf]
C  [ntdll.dll+0x51248]
V  [jvm.dll+0x206881]


---------------  P R O C E S S  ---------------

Java Threads: ( => current thread )

Other Threads:

=>0x000000000056e000 (exited) JavaThread "Unknown thread" [_thread_in_vm, id=6028, stack(0x0000000002520000,0x0000000002620000)]

VM state:not at safepoint (not fully initialized)

VM Mutex/Monitor currently owned by a thread: None

GC Heap History (0 events):
No events

Deoptimization events (0 events):
No events

Internal exceptions (0 events):
No events

Events (10 events):
Event: 0.038 loading class java/lang/CharSequence done
Event: 0.038 loading class java/lang/String done
Event: 0.039 loading class java/lang/Class
Event: 0.039 loading class java/lang/reflect/AnnotatedElement
Event: 0.039 loading class java/lang/reflect/AnnotatedElement done
Event: 0.039 loading class java/lang/reflect/GenericDeclaration
Event: 0.039 loading class java/lang/reflect/GenericDeclaration done
Event: 0.039 loading class java/lang/reflect/Type
Event: 0.039 loading class java/lang/reflect/Type done
Event: 0.040 loading class java/lang/Class done


Dynamic libraries:
0x000000013fd20000 - 0x000000013fd54000 	C:\Program Files\Java\jre1.8.0_25\bin\javaw.exe
0x0000000077420000 - 0x00000000775c9000 	C:\Windows\SYSTEM32\ntdll.dll
0x0000000077200000 - 0x000000007731f000 	C:\Windows\system32\kernel32.dll
0x000007fefd340000 - 0x000007fefd3ac000 	C:\Windows\system32\KERNELBASE.dll
0x000007fefe040000 - 0x000007fefe11b000 	C:\Windows\system32\ADVAPI32.dll
0x000007fefd980000 - 0x000007fefda1f000 	C:\Windows\system32\msvcrt.dll
0x000007fefdf80000 - 0x000007fefdf9f000 	C:\Windows\SYSTEM32\sechost.dll
0x000007fefe670000 - 0x000007fefe79d000 	C:\Windows\system32\RPCRT4.dll
0x0000000077320000 - 0x000000007741a000 	C:\Windows\system32\USER32.dll
0x000007fefe600000 - 0x000007fefe667000 	C:\Windows\system32\GDI32.dll
0x000007fefd8c0000 - 0x000007fefd8ce000 	C:\Windows\system32\LPK.dll
0x000007fefe8a0000 - 0x000007fefe969000 	C:\Windows\system32\USP10.dll
0x000007fefbd90000 - 0x000007fefbf84000 	C:\Windows\WinSxS\amd64_microsoft.windows.common-controls_6595b64144ccf1df_6.0.7601.17514_none_fa396087175ac9ac\COMCTL32.dll
0x000007fefdc30000 - 0x000007fefdca1000 	C:\Windows\system32\SHLWAPI.dll
0x000007fefe970000 - 0x000007fefe99e000 	C:\Windows\system32\IMM32.DLL
0x000007fefe4f0000 - 0x000007fefe5f9000 	C:\Windows\system32\MSCTF.dll
0x000007fefd3b0000 - 0x000007fefd3b5000 	C:\Windows\system32\api-ms-win-downlevel-advapi32-l1-1-0.dll
0x000007fefce10000 - 0x000007fefce35000 	C:\Windows\system32\SspiCli.dll
0x0000000060900000 - 0x00000000609d2000 	C:\Program Files\Java\jre1.8.0_25\bin\msvcr100.dll
0x0000000064c70000 - 0x00000000654ca000 	C:\Program Files\Java\jre1.8.0_25\bin\server\jvm.dll
0x000007fefba40000 - 0x000007fefba49000 	C:\Windows\system32\WSOCK32.dll
0x000007fefd620000 - 0x000007fefd66d000 	C:\Windows\system32\WS2_32.dll
0x000007fefd8d0000 - 0x000007fefd8d8000 	C:\Windows\system32\NSI.dll
0x000007fefada0000 - 0x000007fefaddb000 	C:\Windows\system32\WINMM.dll
0x00000000775e0000 - 0x00000000775e7000 	C:\Windows\system32\PSAPI.DLL
0x0000000073030000 - 0x000000007303f000 	C:\Program Files\Java\jre1.8.0_25\bin\verify.dll
0x0000000073000000 - 0x0000000073028000 	C:\Program Files\Java\jre1.8.0_25\bin\java.dll
0x0000000072e60000 - 0x0000000072e76000 	C:\Program Files\Java\jre1.8.0_25\bin\zip.dll
0x000007fee7710000 - 0x000007fee7835000 	C:\Windows\system32\dbghelp.dll

VM Arguments:
jvm_args: -Dfile.encoding=Cp1252 -Xbootclasspath:C:\Users\Peter\AppData\Local\Android\android-sdk\platforms\android-21\android.jar 
java_command: org.eclipse.jdt.internal.junit.runner.RemoteTestRunner -version 3 -port 52234 -testLoaderClass org.eclipse.jdt.internal.junit.runner.junit3.JUnit3TestLoader -loaderpluginname org.eclipse.jdt.junit.runtime -classNames comp3350.team8.test.business.CartTest
java_class_path (initial): C:\Users\Peter\Documents\University\Winter 2015\COMP 3350\Workspace\inventorymanagement\bin\classes;C:\Users\Peter\Documents\University\Winter 2015\COMP 3350\Workspace\inventorymanagement\libs\android-support-v4.jar;C:\Users\Peter\Documents\University\Winter 2015\COMP 3350\Workspace\inventorymanagement\libs\hsqldb.jar;C:\Users\Peter\Documents\University\Winter 2015\COMP 3350\Workspace\inventorymanagement\libs\junit.jar;C:\Users\Peter\Documents\University\Winter 2015\COMP 3350\Workspace\inventorymanagement\bin\dexedLibs\hsqldb-3699c4387703405a3c9be39e1f92e0b7.jar;/C:/Users/Peter/eclipse/configuration/org.eclipse.osgi/170/0/.cp/
Launcher Type: SUN_STANDARD

Environment Variables:
PATH=C:/Program Files/Java/jre1.8.0_25/bin/server;C:/Program Files/Java/jre1.8.0_25/bin;C:/Program Files/Java/jre1.8.0_25/lib/amd64;C:\ProgramData\Oracle\Java\javapath;C:\Program Files\Common Files\Microsoft Shared\Windows Live;C:\Program Files (x86)\NVIDIA Corporation\PhysX\Common;C:\Windows\system32;C:\Windows;C:\Windows\System32\Wbem;C:\Windows\System32\WindowsPowerShell\v1.0\;C:\Program Files\Broadcom\Broadcom 802.11\Driver;C:\Users\Peter\Anaconda;C:\Users\Peter\Anaconda\Scripts;C:\Program Files\Common Files\Microsoft Shared\Windows Live;C:\Program Files (x86)\SSH Communications Security\SSH Secure Shell;C:\Users\Peter\eclipse;
USERNAME=Peter
OS=Windows_NT
PROCESSOR_IDENTIFIER=AMD64 Family 17 Model 3 Stepping 1, AuthenticAMD



---------------  S Y S T E M  ---------------

OS: Windows 7 , 64 bit Build 7601 Service Pack 1

CPU:total 2 (2 cores per cpu, 1 threads per core) family 17 model 3 stepping 1, cmov, cx8, fxsr, mmx, sse, sse2, sse3, mmxext, 3dnowpref, tsc, tscinvbit

Memory: 4k page, physical 3930548k(1787848k free), swap 7859240k(5494480k free)

vm_info: Java HotSpot(TM) 64-Bit Server VM (25.25-b02) for windows-amd64 JRE (1.8.0_25-b18), built on Oct  7 2014 14:25:37 by "java_re" with MS VC++ 10.0 (VS2010)

time: Mon Mar 09 15:14:46 2015
elapsed time: 0 seconds (0d 0h 0m 0s)

