#
# A fatal error has been detected by the Java Runtime Environment:
#
#  Internal Error (javaClasses.cpp:126), pid=532, tid=7444
#  fatal error: Invalid layout of preloaded class
#
# JRE version:  (8.0_25-b18) (build )
# Java VM: Java HotSpot(TM) 64-Bit Server VM (25.25-b02 mixed mode windows-amd64 compressed oops)
# Failed to write core dump. Minidumps are not enabled by default on client versions of Windows
#
# If you would like to submit a bug report, please visit:
#   http://bugreport.sun.com/bugreport/crash.jsp
#

---------------  T H R E A D  ---------------

Current thread (0x00000000022ce000):  JavaThread "Unknown thread" [_thread_in_vm, id=7444, stack(0x00000000023b0000,0x00000000024b0000)]

Stack: [0x00000000023b0000,0x00000000024b0000]
[error occurred during error reporting (printing stack bounds), id 0xc0000005]

Native frames: (J=compiled Java code, j=interpreted, Vv=VM code, C=native code)
V  [jvm.dll+0x31667a]
V  [jvm.dll+0x267073]
V  [jvm.dll+0x267cb3]
V  [jvm.dll+0x288154]
C  [kernel32.dll+0x9b940]
C  [ntdll.dll+0x93398]
C  [ntdll.dll+0x185c8]
C  [ntdll.dll+0x29d2d]
C  [ntdll.dll+0x191cf]
C  [ntdll.dll+0x51248]
V  [jvm.dll+0x206881]


---------------  P R O C E S S  ---------------

Java Threads: ( => current thread )

Other Threads:

=>0x00000000022ce000 (exited) JavaThread "Unknown thread" [_thread_in_vm, id=7444, stack(0x00000000023b0000,0x00000000024b0000)]

VM state:not at safepoint (not fully initialized)

VM Mutex/Monitor currently owned by a thread: None

GC Heap History (0 events):
No events

Deoptimization events (0 events):
No events

Internal exceptions (0 events):
No events

Events (10 events):
Event: 0.039 loading class java/lang/CharSequence done
Event: 0.040 loading class java/lang/String done
Event: 0.040 loading class java/lang/Class
Event: 0.040 loading class java/lang/reflect/AnnotatedElement
Event: 0.040 loading class java/lang/reflect/AnnotatedElement done
Event: 0.040 loading class java/lang/reflect/GenericDeclaration
Event: 0.040 loading class java/lang/reflect/GenericDeclaration done
Event: 0.040 loading class java/lang/reflect/Type
Event: 0.040 loading class java/lang/reflect/Type done
Event: 0.040 loading class java/lang/Class done


Dynamic libraries:
0x000000013fba0000 - 0x000000013fbd4000 	C:\Program Files\Java\jre1.8.0_25\bin\javaw.exe
0x0000000077160000 - 0x0000000077309000 	C:\Windows\SYSTEM32\ntdll.dll
0x0000000076f40000 - 0x000000007705f000 	C:\Windows\system32\kernel32.dll
0x000007fefd1e0000 - 0x000007fefd24c000 	C:\Windows\system32\KERNELBASE.dll
0x000007feff380000 - 0x000007feff45b000 	C:\Windows\system32\ADVAPI32.dll
0x000007feff050000 - 0x000007feff0ef000 	C:\Windows\system32\msvcrt.dll
0x000007feff360000 - 0x000007feff37f000 	C:\Windows\SYSTEM32\sechost.dll
0x000007fefdf10000 - 0x000007fefe03d000 	C:\Windows\system32\RPCRT4.dll
0x0000000077060000 - 0x000000007715a000 	C:\Windows\system32\USER32.dll
0x000007fefe070000 - 0x000007fefe0d7000 	C:\Windows\system32\GDI32.dll
0x000007fefd4f0000 - 0x000007fefd4fe000 	C:\Windows\system32\LPK.dll
0x000007fefe0e0000 - 0x000007fefe1a9000 	C:\Windows\system32\USP10.dll
0x000007fefbad0000 - 0x000007fefbcc4000 	C:\Windows\WinSxS\amd64_microsoft.windows.common-controls_6595b64144ccf1df_6.0.7601.17514_none_fa396087175ac9ac\COMCTL32.dll
0x000007fefd500000 - 0x000007fefd571000 	C:\Windows\system32\SHLWAPI.dll
0x000007fefe040000 - 0x000007fefe06e000 	C:\Windows\system32\IMM32.DLL
0x000007fefe1b0000 - 0x000007fefe2b9000 	C:\Windows\system32\MSCTF.dll
0x000007fefd2c0000 - 0x000007fefd2c5000 	C:\Windows\system32\api-ms-win-downlevel-advapi32-l1-1-0.dll
0x000007fefcd30000 - 0x000007fefcd55000 	C:\Windows\system32\SspiCli.dll
0x0000000069c30000 - 0x0000000069d02000 	C:\Program Files\Java\jre1.8.0_25\bin\msvcr100.dll
0x000000005a410000 - 0x000000005ac6a000 	C:\Program Files\Java\jre1.8.0_25\bin\server\jvm.dll
0x000007fef3370000 - 0x000007fef3379000 	C:\Windows\system32\WSOCK32.dll
0x000007feff2b0000 - 0x000007feff2fd000 	C:\Windows\system32\WS2_32.dll
0x000007feff460000 - 0x000007feff468000 	C:\Windows\system32\NSI.dll
0x000007fefaac0000 - 0x000007fefaafb000 	C:\Windows\system32\WINMM.dll
0x0000000077330000 - 0x0000000077337000 	C:\Windows\system32\PSAPI.DLL
0x00000000749f0000 - 0x00000000749ff000 	C:\Program Files\Java\jre1.8.0_25\bin\verify.dll
0x00000000749c0000 - 0x00000000749e8000 	C:\Program Files\Java\jre1.8.0_25\bin\java.dll
0x00000000749a0000 - 0x00000000749b6000 	C:\Program Files\Java\jre1.8.0_25\bin\zip.dll
0x000007fee3430000 - 0x000007fee3555000 	C:\Windows\system32\dbghelp.dll

VM Arguments:
jvm_args: -Dfile.encoding=Cp1252 -Xbootclasspath:C:\Users\Peter\AppData\Local\Android\android-sdk\platforms\android-21\android.jar 
java_command: org.eclipse.jdt.internal.junit.runner.RemoteTestRunner -version 3 -port 54463 -testLoaderClass org.eclipse.jdt.internal.junit.runner.junit3.JUnit3TestLoader -loaderpluginname org.eclipse.jdt.junit.runtime -classNames comp3350.team8.test.AllTests
java_class_path (initial): C:\Users\Peter\Documents\University\Winter 2015\COMP 3350\Workspace\inventorymanagement\bin\classes;C:\Users\Peter\Documents\University\Winter 2015\COMP 3350\Workspace\inventorymanagement\libs\android-support-v4.jar;C:\Users\Peter\Documents\University\Winter 2015\COMP 3350\Workspace\inventorymanagement\libs\hsqldb.jar;C:\Users\Peter\Documents\University\Winter 2015\COMP 3350\Workspace\inventorymanagement\libs\junit.jar;/C:/Users/Peter/eclipse/configuration/org.eclipse.osgi/170/0/.cp/
Launcher Type: SUN_STANDARD

Environment Variables:
PATH=C:/Program Files/Java/jre1.8.0_25/bin/server;C:/Program Files/Java/jre1.8.0_25/bin;C:/Program Files/Java/jre1.8.0_25/lib/amd64;C:\ProgramData\Oracle\Java\javapath;C:\Program Files\Common Files\Microsoft Shared\Windows Live;C:\Program Files (x86)\NVIDIA Corporation\PhysX\Common;C:\Windows\system32;C:\Windows;C:\Windows\System32\Wbem;C:\Windows\System32\WindowsPowerShell\v1.0\;C:\Program Files\Broadcom\Broadcom 802.11\Driver;C:\Users\Peter\Anaconda;C:\Users\Peter\Anaconda\Scripts;C:\Program Files\Common Files\Microsoft Shared\Windows Live;C:\Program Files (x86)\SSH Communications Security\SSH Secure Shell;C:\Users\Peter\eclipse;
USERNAME=Peter
OS=Windows_NT
PROCESSOR_IDENTIFIER=AMD64 Family 17 Model 3 Stepping 1, AuthenticAMD



---------------  S Y S T E M  ---------------

OS: Windows 7 , 64 bit Build 7601 Service Pack 1

CPU:total 2 (2 cores per cpu, 1 threads per core) family 17 model 3 stepping 1, cmov, cx8, fxsr, mmx, sse, sse2, sse3, mmxext, 3dnowpref, tsc, tscinvbit

Memory: 4k page, physical 3930548k(924552k free), swap 7859240k(1763916k free)

vm_info: Java HotSpot(TM) 64-Bit Server VM (25.25-b02) for windows-amd64 JRE (1.8.0_25-b18), built on Oct  7 2014 14:25:37 by "java_re" with MS VC++ 10.0 (VS2010)

time: Sun Mar 08 20:33:43 2015
elapsed time: 0 seconds (0d 0h 0m 0s)

